2025-04-09 20:48:55,843 - __main__ - INFO - Monitoring RSS feed: https://api.weather.gov/alerts/active.atom?zone=KYC105,KYC075,KYC039,KYC007,KYC145,KYC083,KYC157,KYC035,KYC139,KYC221,KYC143,KYC055,KYC033,KYC047,KYC107,KYC233,KYC225,KYC101,KYC059,KYC149,KYC177,KYC219,KYC141,KYC213,KYC031,KYC183,KYC091,KYC227
2025-04-09 20:48:55,843 - __main__ - INFO - Scheduling checks every 5 minutes
2025-04-09 20:48:55,843 - __main__ - INFO - Running initial check...
2025-04-09 20:48:55,843 - __main__ - INFO - Starting warning check...
2025-04-09 20:48:55,843 - rss_service - ERROR - Error loading processed alerts: Expecting value: line 1 column 1 (char 0)
2025-04-09 20:48:55,843 - rss_service - INFO - Checking alerts from custom URL: https://api.weather.gov/alerts/active.atom?zone=KYC105,KYC075,KYC039,KYC007,KYC145,KYC083,KYC157,KYC035,KYC139,KYC221,KYC143,KYC055,KYC033,KYC047,KYC107,KYC233,KYC225,KYC101,KYC059,KYC149,KYC177,KYC219,KYC141,KYC213,KYC031,KYC183,KYC091,KYC227
2025-04-09 20:48:55,843 - rss_service - INFO - Using JSON API endpoint: https://api.weather.gov/alerts/active?zone=KYC105,KYC075,KYC039,KYC007,KYC145,KYC083,KYC157,KYC035,KYC139,KYC221,KYC143,KYC055,KYC033,KYC047,KYC107,KYC233,KYC225,KYC101,KYC059,KYC149,KYC177,KYC219,KYC141,KYC213,KYC031,KYC183,KYC091,KYC227
2025-04-09 20:48:56,592 - rss_service - INFO - API returned 24 total alerts
2025-04-09 20:48:56,592 - rss_service - INFO - Found new alert: urn:oid:2.49.0.1.840.0.edba6ca15e71c28399d56e1efed23e8e597afa39.004.1 - Flood Warning
2025-04-09 20:48:56,592 - rss_service - INFO - Found new alert: urn:oid:2.49.0.1.840.0.edba6ca15e71c28399d56e1efed23e8e597afa39.003.1 - Flood Warning
2025-04-09 20:48:56,592 - rss_service - INFO - Found new alert: urn:oid:2.49.0.1.840.0.715bc574cfb9932953941bbf5fb2a47bfcce10f9.001.1 - Flood Warning
2025-04-09 20:48:56,593 - rss_service - INFO - Found new alert: urn:oid:2.49.0.1.840.0.715bc574cfb9932953941bbf5fb2a47bfcce10f9.003.1 - Flood Warning
2025-04-09 20:48:56,593 - rss_service - INFO - Found new alert: urn:oid:2.49.0.1.840.0.715bc574cfb9932953941bbf5fb2a47bfcce10f9.002.1 - Flood Warning
2025-04-09 20:48:56,593 - rss_service - INFO - Found new alert: urn:oid:2.49.0.1.840.0.715bc574cfb9932953941bbf5fb2a47bfcce10f9.004.1 - Flood Warning
2025-04-09 20:48:56,593 - rss_service - INFO - Found new alert: urn:oid:2.49.0.1.840.0.02dd1413974bface627abf4ae32776fd042a8c6a.003.1 - Flood Warning
2025-04-09 20:48:56,593 - rss_service - INFO - Found new alert: urn:oid:2.49.0.1.840.0.02dd1413974bface627abf4ae32776fd042a8c6a.001.1 - Flood Warning
2025-04-09 20:48:56,593 - rss_service - INFO - Found new alert: urn:oid:2.49.0.1.840.0.02dd1413974bface627abf4ae32776fd042a8c6a.002.1 - Flood Warning
2025-04-09 20:48:56,593 - rss_service - INFO - Found new alert: urn:oid:2.49.0.1.840.0.02dd1413974bface627abf4ae32776fd042a8c6a.004.1 - Flood Warning
2025-04-09 20:48:56,593 - rss_service - INFO - Found new alert: urn:oid:2.49.0.1.840.0.02dd1413974bface627abf4ae32776fd042a8c6a.006.1 - Flood Warning
2025-04-09 20:48:56,593 - rss_service - INFO - Found new alert: urn:oid:2.49.0.1.840.0.02dd1413974bface627abf4ae32776fd042a8c6a.007.1 - Flood Warning
2025-04-09 20:48:56,593 - rss_service - INFO - Found new alert: urn:oid:2.49.0.1.840.0.02dd1413974bface627abf4ae32776fd042a8c6a.008.1 - Flood Warning
2025-04-09 20:48:56,593 - rss_service - INFO - Found new alert: urn:oid:2.49.0.1.840.0.02dd1413974bface627abf4ae32776fd042a8c6a.005.1 - Flood Warning
2025-04-09 20:48:56,593 - rss_service - INFO - Found new alert: urn:oid:2.49.0.1.840.0.57d83a3c40f6be7fe6762cc40ad0003116bc674e.002.1 - Flood Warning
2025-04-09 20:48:56,593 - rss_service - INFO - Found new alert: urn:oid:2.49.0.1.840.0.57d83a3c40f6be7fe6762cc40ad0003116bc674e.003.1 - Flood Warning
2025-04-09 20:48:56,593 - rss_service - INFO - Found new alert: urn:oid:2.49.0.1.840.0.6fb1ee63e0eb94e7b0d746f005c7fd045a6885da.004.1 - Flood Warning
2025-04-09 20:48:56,593 - rss_service - INFO - Found new alert: urn:oid:2.49.0.1.840.0.6fb1ee63e0eb94e7b0d746f005c7fd045a6885da.005.1 - Flood Warning
2025-04-09 20:48:56,593 - rss_service - INFO - Found new alert: urn:oid:2.49.0.1.840.0.e820fd2debe8f81a32226f0399607b8266beb764.002.1 - Flood Warning
2025-04-09 20:48:56,593 - rss_service - INFO - Found new alert: urn:oid:2.49.0.1.840.0.e820fd2debe8f81a32226f0399607b8266beb764.001.1 - Flood Warning
2025-04-09 20:48:56,593 - rss_service - INFO - Found new alert: urn:oid:2.49.0.1.840.0.eca97d66e9d74655d21a16f18a6a38eb0f17a10f.001.1 - Flood Warning
2025-04-09 20:48:56,593 - rss_service - INFO - Found new alert: urn:oid:2.49.0.1.840.0.b51f2e730dc259222e10a2b1fd610dec1e1308ef.001.1 - Flood Warning
2025-04-09 20:48:56,594 - rss_service - INFO - Found new alert: urn:oid:2.49.0.1.840.0.97bb5a471524734d66bb240b35094c6e8da7b0f9.001.1 - Flood Warning
2025-04-09 20:48:56,594 - rss_service - INFO - Found new alert: urn:oid:2.49.0.1.840.0.1c628cb693e9560a0658a94dff59967aa9bfdc37.001.1 - Flood Warning
2025-04-09 20:48:56,596 - rss_service - INFO - Found 24 new alerts from custom feed
2025-04-09 20:48:56,596 - __main__ - INFO - Found 24 new alerts
2025-04-09 20:48:56,596 - __main__ - INFO - Processing Flood Warning alert: urn:oid:2.49.0.1.840.0.edba6ca15e71c28399d56e1efed23e8e597afa39.004.1
2025-04-09 20:48:56,599 - map_service - INFO - Downloading county shapefile from https://www2.census.gov/geo/tiger/GENZ2021/shp/cb_2021_us_county_500k.zip
2025-04-09 20:48:56,975 - map_service - ERROR - Error downloading or processing county shapefile: 403 Client Error: Forbidden for url: https://www2.census.gov/geo/tiger/GENZ2021/shp/cb_2021_us_county_500k.zip
2025-04-09 20:48:56,978 - map_service - WARNING - Failed to download county shapefile, nearby counties will not be shown
2025-04-09 20:48:56,988 - map_service - INFO - Created warning map HTML: output/warning_urn:oid:2.49.0.1.840.0.edba6ca15e71c28399d56e1efed23e8e597afa39.004.1.html
2025-04-09 20:48:56,989 - map_service - INFO - Converting HTML to image: output/warning_urn:oid:2.49.0.1.840.0.edba6ca15e71c28399d56e1efed23e8e597afa39.004.1.html → output/warning_urn:oid:2.49.0.1.840.0.edba6ca15e71c28399d56e1efed23e8e597afa39.004.1.png
2025-04-09 20:49:00,560 - map_service - INFO - Waiting up to 10 seconds for map to load...
2025-04-09 20:49:07,847 - map_service - INFO - High-resolution screenshot saved to: output/warning_urn:oid:2.49.0.1.840.0.edba6ca15e71c28399d56e1efed23e8e597afa39.004.1.png
2025-04-09 20:49:07,918 - map_service - INFO - Cleaned up HTML file: output/warning_urn:oid:2.49.0.1.840.0.edba6ca15e71c28399d56e1efed23e8e597afa39.004.1.html
2025-04-09 20:49:07,918 - __main__ - INFO - Generated map for Flood Warning: output/warning_urn:oid:2.49.0.1.840.0.edba6ca15e71c28399d56e1efed23e8e597afa39.004.1.png
2025-04-09 20:49:07,918 - __main__ - INFO - Processing Flood Warning alert: urn:oid:2.49.0.1.840.0.edba6ca15e71c28399d56e1efed23e8e597afa39.003.1
2025-04-09 20:49:07,919 - map_service - INFO - Downloading county shapefile from https://www2.census.gov/geo/tiger/GENZ2021/shp/cb_2021_us_county_500k.zip
2025-04-09 20:49:08,109 - map_service - ERROR - Error downloading or processing county shapefile: 403 Client Error: Forbidden for url: https://www2.census.gov/geo/tiger/GENZ2021/shp/cb_2021_us_county_500k.zip
2025-04-09 20:49:08,110 - map_service - WARNING - Failed to download county shapefile, nearby counties will not be shown
2025-04-09 20:49:08,113 - map_service - INFO - Created warning map HTML: output/warning_urn:oid:2.49.0.1.840.0.edba6ca15e71c28399d56e1efed23e8e597afa39.003.1.html
2025-04-09 20:49:08,113 - map_service - INFO - Converting HTML to image: output/warning_urn:oid:2.49.0.1.840.0.edba6ca15e71c28399d56e1efed23e8e597afa39.003.1.html → output/warning_urn:oid:2.49.0.1.840.0.edba6ca15e71c28399d56e1efed23e8e597afa39.003.1.png
2025-04-09 20:49:10,120 - map_service - INFO - Waiting up to 10 seconds for map to load...
2025-04-09 20:49:17,432 - map_service - INFO - High-resolution screenshot saved to: output/warning_urn:oid:2.49.0.1.840.0.edba6ca15e71c28399d56e1efed23e8e597afa39.003.1.png
2025-04-09 20:49:17,503 - map_service - INFO - Cleaned up HTML file: output/warning_urn:oid:2.49.0.1.840.0.edba6ca15e71c28399d56e1efed23e8e597afa39.003.1.html
2025-04-09 20:49:17,503 - __main__ - INFO - Generated map for Flood Warning: output/warning_urn:oid:2.49.0.1.840.0.edba6ca15e71c28399d56e1efed23e8e597afa39.003.1.png
2025-04-09 20:49:17,503 - __main__ - INFO - Processing Flood Warning alert: urn:oid:2.49.0.1.840.0.715bc574cfb9932953941bbf5fb2a47bfcce10f9.001.1
2025-04-09 20:49:17,504 - map_service - INFO - Downloading county shapefile from https://www2.census.gov/geo/tiger/GENZ2021/shp/cb_2021_us_county_500k.zip
2025-04-09 20:49:17,689 - map_service - ERROR - Error downloading or processing county shapefile: 403 Client Error: Forbidden for url: https://www2.census.gov/geo/tiger/GENZ2021/shp/cb_2021_us_county_500k.zip
2025-04-09 20:49:17,690 - map_service - WARNING - Failed to download county shapefile, nearby counties will not be shown
2025-04-09 20:49:17,693 - map_service - INFO - Created warning map HTML: output/warning_urn:oid:2.49.0.1.840.0.715bc574cfb9932953941bbf5fb2a47bfcce10f9.001.1.html
2025-04-09 20:49:17,693 - map_service - INFO - Converting HTML to image: output/warning_urn:oid:2.49.0.1.840.0.715bc574cfb9932953941bbf5fb2a47bfcce10f9.001.1.html → output/warning_urn:oid:2.49.0.1.840.0.715bc574cfb9932953941bbf5fb2a47bfcce10f9.001.1.png
2025-04-09 20:49:19,731 - map_service - INFO - Waiting up to 10 seconds for map to load...
2025-04-09 20:49:27,042 - map_service - INFO - High-resolution screenshot saved to: output/warning_urn:oid:2.49.0.1.840.0.715bc574cfb9932953941bbf5fb2a47bfcce10f9.001.1.png
2025-04-09 20:49:27,114 - map_service - INFO - Cleaned up HTML file: output/warning_urn:oid:2.49.0.1.840.0.715bc574cfb9932953941bbf5fb2a47bfcce10f9.001.1.html
2025-04-09 20:49:27,114 - __main__ - INFO - Generated map for Flood Warning: output/warning_urn:oid:2.49.0.1.840.0.715bc574cfb9932953941bbf5fb2a47bfcce10f9.001.1.png
2025-04-09 20:49:27,114 - __main__ - INFO - Processing Flood Warning alert: urn:oid:2.49.0.1.840.0.715bc574cfb9932953941bbf5fb2a47bfcce10f9.003.1
2025-04-09 20:49:27,115 - map_service - INFO - Downloading county shapefile from https://www2.census.gov/geo/tiger/GENZ2021/shp/cb_2021_us_county_500k.zip
2025-04-09 20:49:27,346 - map_service - ERROR - Error downloading or processing county shapefile: 403 Client Error: Forbidden for url: https://www2.census.gov/geo/tiger/GENZ2021/shp/cb_2021_us_county_500k.zip
2025-04-09 20:49:27,348 - map_service - WARNING - Failed to download county shapefile, nearby counties will not be shown
2025-04-09 20:49:27,355 - map_service - INFO - Created warning map HTML: output/warning_urn:oid:2.49.0.1.840.0.715bc574cfb9932953941bbf5fb2a47bfcce10f9.003.1.html
2025-04-09 20:49:27,356 - map_service - INFO - Converting HTML to image: output/warning_urn:oid:2.49.0.1.840.0.715bc574cfb9932953941bbf5fb2a47bfcce10f9.003.1.html → output/warning_urn:oid:2.49.0.1.840.0.715bc574cfb9932953941bbf5fb2a47bfcce10f9.003.1.png
2025-04-09 20:49:29,585 - map_service - INFO - Waiting up to 10 seconds for map to load...
2025-04-09 20:49:36,918 - map_service - INFO - High-resolution screenshot saved to: output/warning_urn:oid:2.49.0.1.840.0.715bc574cfb9932953941bbf5fb2a47bfcce10f9.003.1.png
2025-04-09 20:49:36,986 - map_service - INFO - Cleaned up HTML file: output/warning_urn:oid:2.49.0.1.840.0.715bc574cfb9932953941bbf5fb2a47bfcce10f9.003.1.html
2025-04-09 20:49:36,986 - __main__ - INFO - Generated map for Flood Warning: output/warning_urn:oid:2.49.0.1.840.0.715bc574cfb9932953941bbf5fb2a47bfcce10f9.003.1.png
2025-04-09 20:49:36,986 - __main__ - INFO - Processing Flood Warning alert: urn:oid:2.49.0.1.840.0.715bc574cfb9932953941bbf5fb2a47bfcce10f9.002.1
2025-04-09 20:49:36,987 - map_service - INFO - Downloading county shapefile from https://www2.census.gov/geo/tiger/GENZ2021/shp/cb_2021_us_county_500k.zip
2025-04-09 20:49:37,518 - map_service - ERROR - Error downloading or processing county shapefile: 403 Client Error: Forbidden for url: https://www2.census.gov/geo/tiger/GENZ2021/shp/cb_2021_us_county_500k.zip
2025-04-09 20:49:37,519 - map_service - WARNING - Failed to download county shapefile, nearby counties will not be shown
2025-04-09 20:49:37,526 - map_service - INFO - Created warning map HTML: output/warning_urn:oid:2.49.0.1.840.0.715bc574cfb9932953941bbf5fb2a47bfcce10f9.002.1.html
2025-04-09 20:49:37,526 - map_service - INFO - Converting HTML to image: output/warning_urn:oid:2.49.0.1.840.0.715bc574cfb9932953941bbf5fb2a47bfcce10f9.002.1.html → output/warning_urn:oid:2.49.0.1.840.0.715bc574cfb9932953941bbf5fb2a47bfcce10f9.002.1.png
2025-04-09 20:49:39,720 - map_service - INFO - Waiting up to 10 seconds for map to load...
2025-04-09 20:49:47,049 - map_service - INFO - High-resolution screenshot saved to: output/warning_urn:oid:2.49.0.1.840.0.715bc574cfb9932953941bbf5fb2a47bfcce10f9.002.1.png
2025-04-09 20:49:47,118 - map_service - INFO - Cleaned up HTML file: output/warning_urn:oid:2.49.0.1.840.0.715bc574cfb9932953941bbf5fb2a47bfcce10f9.002.1.html
2025-04-09 20:49:47,118 - __main__ - INFO - Generated map for Flood Warning: output/warning_urn:oid:2.49.0.1.840.0.715bc574cfb9932953941bbf5fb2a47bfcce10f9.002.1.png
2025-04-09 20:49:47,118 - __main__ - INFO - Processing Flood Warning alert: urn:oid:2.49.0.1.840.0.715bc574cfb9932953941bbf5fb2a47bfcce10f9.004.1
2025-04-09 20:49:47,119 - map_service - INFO - Downloading county shapefile from https://www2.census.gov/geo/tiger/GENZ2021/shp/cb_2021_us_county_500k.zip
2025-04-09 20:49:47,296 - map_service - ERROR - Error downloading or processing county shapefile: 403 Client Error: Forbidden for url: https://www2.census.gov/geo/tiger/GENZ2021/shp/cb_2021_us_county_500k.zip
2025-04-09 20:49:47,297 - map_service - WARNING - Failed to download county shapefile, nearby counties will not be shown
2025-04-09 20:49:47,300 - map_service - INFO - Created warning map HTML: output/warning_urn:oid:2.49.0.1.840.0.715bc574cfb9932953941bbf5fb2a47bfcce10f9.004.1.html
2025-04-09 20:49:47,300 - map_service - INFO - Converting HTML to image: output/warning_urn:oid:2.49.0.1.840.0.715bc574cfb9932953941bbf5fb2a47bfcce10f9.004.1.html → output/warning_urn:oid:2.49.0.1.840.0.715bc574cfb9932953941bbf5fb2a47bfcce10f9.004.1.png
2025-04-09 20:49:49,484 - map_service - INFO - Waiting up to 10 seconds for map to load...
2025-04-09 20:49:56,792 - map_service - INFO - High-resolution screenshot saved to: output/warning_urn:oid:2.49.0.1.840.0.715bc574cfb9932953941bbf5fb2a47bfcce10f9.004.1.png
2025-04-09 20:49:56,865 - map_service - INFO - Cleaned up HTML file: output/warning_urn:oid:2.49.0.1.840.0.715bc574cfb9932953941bbf5fb2a47bfcce10f9.004.1.html
2025-04-09 20:49:56,865 - __main__ - INFO - Generated map for Flood Warning: output/warning_urn:oid:2.49.0.1.840.0.715bc574cfb9932953941bbf5fb2a47bfcce10f9.004.1.png
2025-04-09 20:49:56,865 - __main__ - INFO - Processing Flood Warning alert: urn:oid:2.49.0.1.840.0.02dd1413974bface627abf4ae32776fd042a8c6a.003.1
2025-04-09 20:49:56,866 - map_service - INFO - Downloading county shapefile from https://www2.census.gov/geo/tiger/GENZ2021/shp/cb_2021_us_county_500k.zip
2025-04-09 20:49:57,164 - map_service - ERROR - Error downloading or processing county shapefile: 403 Client Error: Forbidden for url: https://www2.census.gov/geo/tiger/GENZ2021/shp/cb_2021_us_county_500k.zip
2025-04-09 20:49:57,167 - map_service - WARNING - Failed to download county shapefile, nearby counties will not be shown
2025-04-09 20:49:57,176 - map_service - INFO - Created warning map HTML: output/warning_urn:oid:2.49.0.1.840.0.02dd1413974bface627abf4ae32776fd042a8c6a.003.1.html
2025-04-09 20:49:57,176 - map_service - INFO - Converting HTML to image: output/warning_urn:oid:2.49.0.1.840.0.02dd1413974bface627abf4ae32776fd042a8c6a.003.1.html → output/warning_urn:oid:2.49.0.1.840.0.02dd1413974bface627abf4ae32776fd042a8c6a.003.1.png
2025-04-09 20:49:59,791 - map_service - INFO - Waiting up to 10 seconds for map to load...
2025-04-09 20:50:07,117 - map_service - INFO - High-resolution screenshot saved to: output/warning_urn:oid:2.49.0.1.840.0.02dd1413974bface627abf4ae32776fd042a8c6a.003.1.png
2025-04-09 20:50:07,190 - map_service - INFO - Cleaned up HTML file: output/warning_urn:oid:2.49.0.1.840.0.02dd1413974bface627abf4ae32776fd042a8c6a.003.1.html
2025-04-09 20:50:07,190 - __main__ - INFO - Generated map for Flood Warning: output/warning_urn:oid:2.49.0.1.840.0.02dd1413974bface627abf4ae32776fd042a8c6a.003.1.png
2025-04-09 20:50:07,190 - __main__ - INFO - Processing Flood Warning alert: urn:oid:2.49.0.1.840.0.02dd1413974bface627abf4ae32776fd042a8c6a.001.1
2025-04-09 20:50:07,191 - map_service - INFO - Downloading county shapefile from https://www2.census.gov/geo/tiger/GENZ2021/shp/cb_2021_us_county_500k.zip
2025-04-09 20:50:07,413 - map_service - ERROR - Error downloading or processing county shapefile: 403 Client Error: Forbidden for url: https://www2.census.gov/geo/tiger/GENZ2021/shp/cb_2021_us_county_500k.zip
2025-04-09 20:50:07,414 - map_service - WARNING - Failed to download county shapefile, nearby counties will not be shown
2025-04-09 20:50:07,417 - map_service - INFO - Created warning map HTML: output/warning_urn:oid:2.49.0.1.840.0.02dd1413974bface627abf4ae32776fd042a8c6a.001.1.html
2025-04-09 20:50:07,417 - map_service - INFO - Converting HTML to image: output/warning_urn:oid:2.49.0.1.840.0.02dd1413974bface627abf4ae32776fd042a8c6a.001.1.html → output/warning_urn:oid:2.49.0.1.840.0.02dd1413974bface627abf4ae32776fd042a8c6a.001.1.png
2025-04-09 20:50:10,134 - map_service - INFO - Waiting up to 10 seconds for map to load...
2025-04-09 20:50:17,463 - map_service - INFO - High-resolution screenshot saved to: output/warning_urn:oid:2.49.0.1.840.0.02dd1413974bface627abf4ae32776fd042a8c6a.001.1.png
2025-04-09 20:50:17,534 - map_service - INFO - Cleaned up HTML file: output/warning_urn:oid:2.49.0.1.840.0.02dd1413974bface627abf4ae32776fd042a8c6a.001.1.html
2025-04-09 20:50:17,534 - __main__ - INFO - Generated map for Flood Warning: output/warning_urn:oid:2.49.0.1.840.0.02dd1413974bface627abf4ae32776fd042a8c6a.001.1.png
2025-04-09 20:50:17,534 - __main__ - INFO - Processing Flood Warning alert: urn:oid:2.49.0.1.840.0.02dd1413974bface627abf4ae32776fd042a8c6a.002.1
2025-04-09 20:50:17,536 - map_service - INFO - Downloading county shapefile from https://www2.census.gov/geo/tiger/GENZ2021/shp/cb_2021_us_county_500k.zip
2025-04-09 20:50:17,758 - map_service - ERROR - Error downloading or processing county shapefile: 403 Client Error: Forbidden for url: https://www2.census.gov/geo/tiger/GENZ2021/shp/cb_2021_us_county_500k.zip
2025-04-09 20:50:17,759 - map_service - WARNING - Failed to download county shapefile, nearby counties will not be shown
2025-04-09 20:50:17,761 - map_service - INFO - Created warning map HTML: output/warning_urn:oid:2.49.0.1.840.0.02dd1413974bface627abf4ae32776fd042a8c6a.002.1.html
2025-04-09 20:50:17,761 - map_service - INFO - Converting HTML to image: output/warning_urn:oid:2.49.0.1.840.0.02dd1413974bface627abf4ae32776fd042a8c6a.002.1.html → output/warning_urn:oid:2.49.0.1.840.0.02dd1413974bface627abf4ae32776fd042a8c6a.002.1.png
2025-04-09 20:50:20,157 - map_service - INFO - Waiting up to 10 seconds for map to load...
2025-04-09 20:50:27,499 - map_service - INFO - High-resolution screenshot saved to: output/warning_urn:oid:2.49.0.1.840.0.02dd1413974bface627abf4ae32776fd042a8c6a.002.1.png
2025-04-09 20:50:27,566 - map_service - INFO - Cleaned up HTML file: output/warning_urn:oid:2.49.0.1.840.0.02dd1413974bface627abf4ae32776fd042a8c6a.002.1.html
2025-04-09 20:50:27,566 - __main__ - INFO - Generated map for Flood Warning: output/warning_urn:oid:2.49.0.1.840.0.02dd1413974bface627abf4ae32776fd042a8c6a.002.1.png
2025-04-09 20:50:27,566 - __main__ - INFO - Processing Flood Warning alert: urn:oid:2.49.0.1.840.0.02dd1413974bface627abf4ae32776fd042a8c6a.004.1
2025-04-09 20:50:27,567 - map_service - INFO - Downloading county shapefile from https://www2.census.gov/geo/tiger/GENZ2021/shp/cb_2021_us_county_500k.zip
2025-04-09 20:50:27,777 - map_service - ERROR - Error downloading or processing county shapefile: 403 Client Error: Forbidden for url: https://www2.census.gov/geo/tiger/GENZ2021/shp/cb_2021_us_county_500k.zip
2025-04-09 20:50:27,780 - map_service - WARNING - Failed to download county shapefile, nearby counties will not be shown
2025-04-09 20:50:27,787 - map_service - INFO - Created warning map HTML: output/warning_urn:oid:2.49.0.1.840.0.02dd1413974bface627abf4ae32776fd042a8c6a.004.1.html
2025-04-09 20:50:27,787 - map_service - INFO - Converting HTML to image: output/warning_urn:oid:2.49.0.1.840.0.02dd1413974bface627abf4ae32776fd042a8c6a.004.1.html → output/warning_urn:oid:2.49.0.1.840.0.02dd1413974bface627abf4ae32776fd042a8c6a.004.1.png
2025-04-09 20:50:31,022 - map_service - INFO - Waiting up to 10 seconds for map to load...
2025-04-09 20:50:32,205 - urllib3.connectionpool - WARNING - Retrying (Retry(total=2, connect=None, read=None, redirect=None, status=None)) after connection broken by 'ConnectionResetError(54, 'Connection reset by peer')': /session/59c60d451b2d6dc33dbbc95745ee23c1
2025-04-09 20:50:32,206 - urllib3.connectionpool - WARNING - Retrying (Retry(total=1, connect=None, read=None, redirect=None, status=None)) after connection broken by 'NewConnectionError('<urllib3.connection.HTTPConnection object at 0x10be02be0>: Failed to establish a new connection: [Errno 61] Connection refused')': /session/59c60d451b2d6dc33dbbc95745ee23c1
2025-04-09 20:50:32,209 - urllib3.connectionpool - WARNING - Retrying (Retry(total=0, connect=None, read=None, redirect=None, status=None)) after connection broken by 'NewConnectionError('<urllib3.connection.HTTPConnection object at 0x10be02ad0>: Failed to establish a new connection: [Errno 61] Connection refused')': /session/59c60d451b2d6dc33dbbc95745ee23c1
